*** Fatal Error ***
Address not mapped to object (signal 11)
Address: 0x28

System: Linux matthew-Swift-SF314-54G 4.15.0-54-generic #58-Ubuntu SMP Mon Jun 24 10:55:24 UTC 2019 x86_64 x86_64 x86_64 GNU/Linux

GZDoom version g4.1.3 (d3e04a94c0fc4e4ab0480f69e25f1eefe9ed803a)
Compiler version: 7.2.0

Command line: /opt/gzdoom/gzdoom -file LaserShotgun.wad

Wad 0: gzdoom.pk3
Wad 1: zd_extra.pk3
Wad 2: DOOM2.WAD
Wad 3: LaserShotgun.wad

Not in a level.

Executing: gdb --quiet --batch --command=gdb-respfile-tBLsXF
[New LWP 3974]
[New LWP 3975]
[New LWP 3976]
[New LWP 3979]
[New LWP 3980]
[Thread debugging using libthread_db enabled]
Using host libthread_db library "/lib/x86_64-linux-gnu/libthread_db.so.1".
0x00007f44361df23a in __waitpid (pid=3981, stat_loc=0x55c72c8ab134, options=0) at ../sysdeps/unix/sysv/linux/waitpid.c:30

* Loaded Libraries
From                To                  Syms Read   Shared Object Library
0x00007f4436409ff0  0x00007f44364d0229  Yes (*)     /usr/lib/x86_64-linux-gnu/libSDL2-2.0.so.0
0x00007f44361d2bb0  0x00007f44361e10f1  Yes         /lib/x86_64-linux-gnu/libpthread.so.0
0x00007f4435fc7200  0x00007f4435fca70c  Yes         /lib/x86_64-linux-gnu/librt.so.1
0x00007f4435da9f90  0x00007f4435dbd640  Yes (*)     /lib/x86_64-linux-gnu/libz.so.1
0x00007f4435b99320  0x00007f4435ba53c2  Yes (*)     /lib/x86_64-linux-gnu/libbz2.so.1.0
0x00007f4435994e50  0x00007f4435995bde  Yes         /lib/x86_64-linux-gnu/libdl.so.2
0x00007f4435601a80  0x00007f44356c02f5  Yes         /lib/x86_64-linux-gnu/libm.so.6
0x00007f44352262d0  0x00007f443539ec3c  Yes         /lib/x86_64-linux-gnu/libc.so.6
0x00007f443671ef10  0x00007f443673db20  Yes         /lib64/ld-linux-x86-64.so.2
0x00007f4434f28e50  0x00007f4434fbf0bf  Yes (*)     /usr/lib/x86_64-linux-gnu/libasound.so.2
0x00007f4434cb9b10  0x00007f4434ce6672  Yes (*)     /usr/lib/x86_64-linux-gnu/libpulse.so.0
0x00007f4434aa0bc0  0x00007f4434aa7317  Yes (*)     /usr/lib/x86_64-linux-gnu/libsndio.so.6.1
0x00007f443477e7c0  0x00007f4434805828  Yes (*)     /usr/lib/x86_64-linux-gnu/libX11.so.6
0x00007f4434557590  0x00007f443456139f  Yes (*)     /usr/lib/x86_64-linux-gnu/libXext.so.6
0x00007f443434c320  0x00007f4434350d40  Yes (*)     /usr/lib/x86_64-linux-gnu/libXcursor.so.1
0x00007f4434147af0  0x00007f44341483ec  Yes (*)     /usr/lib/x86_64-linux-gnu/libXinerama.so.1
0x00007f4433f39180  0x00007f4433f439d7  Yes (*)     /usr/lib/x86_64-linux-gnu/libXi.so.6
0x00007f4433d2dc00  0x00007f4433d33cf5  Yes (*)     /usr/lib/x86_64-linux-gnu/libXrandr.so.2
0x00007f4433b28cd0  0x00007f4433b29a8c  Yes (*)     /usr/lib/x86_64-linux-gnu/libXss.so.1
0x00007f4433922fc0  0x00007f44339258c8  Yes (*)     /usr/lib/x86_64-linux-gnu/libXxf86vm.so.1
0x00007f4433720640  0x00007f44337207d6  Yes (*)     /usr/lib/x86_64-linux-gnu/libwayland-egl.so.1
0x00007f4433515ff0  0x00007f443351adef  Yes (*)     /usr/lib/x86_64-linux-gnu/libwayland-client.so.0
0x00007f443330a190  0x00007f443330bcaf  Yes (*)     /usr/lib/x86_64-linux-gnu/libwayland-cursor.so.0
0x00007f44330ce010  0x00007f44330e8b7a  Yes (*)     /usr/lib/x86_64-linux-gnu/libxkbcommon.so.0
0x00007f4432e5df00  0x00007f4432ea2afe  Yes (*)     /usr/lib/x86_64-linux-gnu/pulseaudio/libpulsecommon-11.1.so
0x00007f4432c0a1e0  0x00007f4432c35b11  Yes (*)     /lib/x86_64-linux-gnu/libdbus-1.so.3
0x00007f44329ed450  0x00007f44329fa34f  Yes (*)     /lib/x86_64-linux-gnu/libbsd.so.0
0x00007f44327cd150  0x00007f44327df565  Yes (*)     /usr/lib/x86_64-linux-gnu/libxcb.so.1
0x00007f44325b9a60  0x00007f44325bfab5  Yes (*)     /usr/lib/x86_64-linux-gnu/libXrender.so.1
0x00007f44323b3540  0x00007f44323b5876  Yes (*)     /usr/lib/x86_64-linux-gnu/libXfixes.so.3
0x00007f44321ab740  0x00007f44321b000a  Yes (*)     /usr/lib/x86_64-linux-gnu/libffi.so.6
0x00007f4431f33380  0x00007f4431f89e64  Yes (*)     /lib/x86_64-linux-gnu/libsystemd.so.0
0x00007f4431d1ecd0  0x00007f4431d22867  Yes (*)     /lib/x86_64-linux-gnu/libwrap.so.0
0x00007f4431aa9750  0x00007f4431afa435  Yes (*)     /usr/lib/x86_64-linux-gnu/libsndfile.so.1
0x00007f443189e1d0  0x00007f44318a0848  Yes (*)     /usr/lib/x86_64-linux-gnu/libasyncns.so.0
0x00007f4431699e50  0x00007f443169aacc  Yes (*)     /usr/lib/x86_64-linux-gnu/libXau.so.6
0x00007f4431494110  0x00007f4431495a18  Yes (*)     /usr/lib/x86_64-linux-gnu/libXdmcp.so.6
0x00007f443126f8e0  0x00007f44312863e2  Yes (*)     /lib/x86_64-linux-gnu/liblzma.so.5
0x00007f4431052da0  0x00007f443106a386  Yes (*)     /usr/lib/x86_64-linux-gnu/liblz4.so.1
0x00007f4430d41c00  0x00007f4430e0db38  Yes (*)     /lib/x86_64-linux-gnu/libgcrypt.so.20
0x00007f4430b20090  0x00007f4430b2d807  Yes         /lib/x86_64-linux-gnu/libnsl.so.1
0x00007f44308ad170  0x00007f44309102db  Yes (*)     /usr/lib/x86_64-linux-gnu/libFLAC.so.8
0x00007f443069da70  0x00007f44306a1c05  Yes (*)     /usr/lib/x86_64-linux-gnu/libogg.so.0
0x00007f4430473ce0  0x00007f4430489a82  Yes (*)     /usr/lib/x86_64-linux-gnu/libvorbis.so.0
0x00007f44301dba00  0x00007f44301de12c  Yes (*)     /usr/lib/x86_64-linux-gnu/libvorbisenc.so.2
0x00007f442ffb0830  0x00007f442ffc0152  Yes         /lib/x86_64-linux-gnu/libresolv.so.2
0x00007f442fd9abe0  0x00007f442fda4d48  Yes (*)     /lib/x86_64-linux-gnu/libgpg-error.so.0
0x00007f442f37c8c0  0x00007f442f38e9e3  Yes (*)     /lib/x86_64-linux-gnu/libudev.so.1
0x00007f442eafcc20  0x00007f442ee39109  Yes (*)     /usr/lib/x86_64-linux-gnu/libgtk-3.so.0
0x00007f442e7a6630  0x00007f442e819e67  Yes (*)     /usr/lib/x86_64-linux-gnu/libgdk-3.so.0
0x00007f442e578110  0x00007f442e579006  Yes (*)     /usr/lib/x86_64-linux-gnu/libgmodule-2.0.so.0
0x00007f442e36e8e0  0x00007f442e37390e  Yes (*)     /usr/lib/x86_64-linux-gnu/libpangocairo-1.0.so.0
0x00007f442e164300  0x00007f442e165279  Yes (*)     /usr/lib/x86_64-linux-gnu/libcairo-gobject.so.2
0x00007f442de56280  0x00007f442df20a76  Yes (*)     /usr/lib/x86_64-linux-gnu/libcairo.so.2
0x00007f442dc262b0  0x00007f442dc3a2d4  Yes (*)     /usr/lib/x86_64-linux-gnu/libgdk_pixbuf-2.0.so.0
0x00007f442da04210  0x00007f442da1129f  Yes (*)     /usr/lib/x86_64-linux-gnu/libatk-1.0.so.0
0x00007f442d7d5560  0x00007f442d7e96de  Yes (*)     /usr/lib/x86_64-linux-gnu/libatk-bridge-2.0.so.0
0x00007f442d523c90  0x00007f442d568d71  Yes (*)     /usr/lib/x86_64-linux-gnu/libepoxy.so.0
0x00007f442d2b9130  0x00007f442d2c16fd  Yes (*)     /usr/lib/x86_64-linux-gnu/libpangoft2-1.0.so.0
0x00007f442d071b30  0x00007f442d092916  Yes (*)     /usr/lib/x86_64-linux-gnu/libpango-1.0.so.0
0x00007f442ce26e00  0x00007f442ce46a8a  Yes (*)     /usr/lib/x86_64-linux-gnu/libfontconfig.so.1
0x00007f442cab9180  0x00007f442cb9bed2  Yes (*)     /usr/lib/x86_64-linux-gnu/libgio-2.0.so.0
0x00007f442c8380b0  0x00007f442c869e6e  Yes (*)     /usr/lib/x86_64-linux-gnu/libgobject-2.0.so.0
0x00007f442c531040  0x00007f442c5ab1de  Yes (*)     /usr/lib/x86_64-linux-gnu/libglib-2.0.so.0
0x00007f442c313c40  0x00007f442c314665  Yes (*)     /usr/lib/x86_64-linux-gnu/libXcomposite.so.1
0x00007f442c110b60  0x00007f442c11144b  Yes (*)     /usr/lib/x86_64-linux-gnu/libXdamage.so.1
0x00007f442be677f0  0x00007f442bee02e4  Yes (*)     /usr/lib/x86_64-linux-gnu/libfreetype.so.6
0x00007f442bbc0b50  0x00007f442bc43dc0  Yes (*)     /usr/lib/x86_64-linux-gnu/libpixman-1.so.0
0x00007f442b9894e0  0x00007f442b9ab2b8  Yes (*)     /usr/lib/x86_64-linux-gnu/libpng16.so.16
0x00007f442b782d50  0x00007f442b783843  Yes (*)     /usr/lib/x86_64-linux-gnu/libxcb-shm.so.0
0x00007f442b579cb0  0x00007f442b57e6e8  Yes (*)     /usr/lib/x86_64-linux-gnu/libxcb-render.so.0
0x00007f442b3536e0  0x00007f442b3655e8  Yes (*)     /usr/lib/x86_64-linux-gnu/libatspi.so.0
0x00007f442b0ae0c0  0x00007f442b10b6ae  Yes (*)     /usr/lib/x86_64-linux-gnu/libharfbuzz.so.0
0x00007f442ae9fc20  0x00007f442aea3683  Yes (*)     /usr/lib/x86_64-linux-gnu/libthai.so.0
0x00007f442ac6f840  0x00007f442ac8c063  Yes (*)     /lib/x86_64-linux-gnu/libexpat.so.1
0x00007f442aa4a210  0x00007f442aa614cf  Yes (*)     /lib/x86_64-linux-gnu/libselinux.so.1
0x00007f442a7fab30  0x00007f442a82fdce  Yes (*)     /lib/x86_64-linux-gnu/libmount.so.1
0x00007f442a57f520  0x00007f442a5d04cd  Yes (*)     /lib/x86_64-linux-gnu/libpcre.so.3
0x00007f442a353480  0x00007f442a376af5  Yes (*)     /usr/lib/x86_64-linux-gnu/libgraphite2.so.3
0x00007f442a14b0c0  0x00007f442a14e420  Yes (*)     /usr/lib/x86_64-linux-gnu/libdatrie.so.1
0x00007f4429f06830  0x00007f4429f351ce  Yes (*)     /lib/x86_64-linux-gnu/libblkid.so.1
0x00007f4429cf7640  0x00007f4429cfaf19  Yes (*)     /lib/x86_64-linux-gnu/libuuid.so.1
0x00007f442908ad20  0x00007f44290a58af  Yes (*)     /usr/lib/x86_64-linux-gnu/gio/modules/libgvfsdbus.so
0x00007f4428e54930  0x00007f4428e6b955  Yes (*)     /usr/lib/x86_64-linux-gnu/gvfs/libgvfscommon.so
0x00007f44282cd060  0x00007f442831a9a8  Yes (*)     /usr/lib/x86_64-linux-gnu/libopenal.so.1
0x00007f4428086440  0x00007f44280aa2f3  Yes (*)     /usr/lib/x86_64-linux-gnu/libjack.so.0
0x00007f4423502490  0x00007f44235b1b4e  Yes (*)     /usr/lib/x86_64-linux-gnu/libstdc++.so.6
0x00007f4423260ac0  0x00007f44232713fd  Yes (*)     /lib/x86_64-linux-gnu/libgcc_s.so.1
(*): Shared library is missing debugging information.

* Threads
  Id   Target Id         Frame 
* 1    Thread 0x7f443690a8c0 (LWP 3973) "gzdoom" 0x00007f44361df23a in __waitpid (pid=3981, stat_loc=0x55c72c8ab134, options=0) at ../sysdeps/unix/sysv/linux/waitpid.c:30
  2    Thread 0x7f442fd97700 (LWP 3974) "gzdoom" 0x00007f44361da9f3 in futex_wait_cancelable (private=<optimized out>, expected=0, futex_word=0x55c72ca047a0 <renderPool+256>) at ../sysdeps/unix/sysv/linux/futex-internal.h:88
  3    Thread 0x7f4428e41700 (LWP 3975) "gmain" 0x00007f4435319bf9 in __GI___poll (fds=0x55c72dfaed00, nfds=1, timeout=-1) at ../sysdeps/unix/sysv/linux/poll.c:29
  4    Thread 0x7f4423fff700 (LWP 3976) "gdbus" 0x00007f4435319bf9 in __GI___poll (fds=0x55c72dfc0a70, nfds=2, timeout=-1) at ../sysdeps/unix/sysv/linux/poll.c:29
  5    Thread 0x7f44231dc700 (LWP 3979) "threaded-ml" 0x00007f4435319bf9 in __GI___poll (fds=0x7f4414009f30, nfds=3, timeout=108) at ../sysdeps/unix/sysv/linux/poll.c:29
  6    Thread 0x7f44229db700 (LWP 3980) "gzdoom" 0x00007f44361da9f3 in futex_wait_cancelable (private=<optimized out>, expected=0, futex_word=0x7f44140087bc) at ../sysdeps/unix/sysv/linux/futex-internal.h:88

* FPU Status
  R7: Special 0x00000000000000000000 +0                         
  R6: Special 0x00000000000000000000 +0                         
  R5: Special 0x00000000000000000000 +0                         
  R4: Special 0x00000000000000000000 +0                         
=>R3: Special 0x00000000000000000000 +0                         
  R2: Zero    0x00000000000000000000 +0                         
  R1: Empty   0x00000000000000000000
  R0: Empty   0x00000000000000000000

Status Word:         0xd84b   IE DE    OE              SF            C3
                       TOP: 3
Control Word:        0xcef0               UM PM
                       PC: Double Precision (53-bits)
                       RC: Round toward zero
Tag Word:            0xaa9f
Instruction Pointer: 0x7ffc:0xd84bd080
Operand Pointer:     0x00:0x00000000
Opcode:              0x0000

* Registers
rax            0xfffffffffffffe00	-512
rbx            0xf8d	3981
rcx            0x7f44361df23a	139930942435898
rdx            0x0	0
rsi            0x55c72c8ab134	94313934139700
rdi            0xf8d	3981
rbp            0x55c72c8ab134	0x55c72c8ab134
rsp            0x55c72c8ab100	0x55c72c8ab100
r8             0x0	0
r9             0x0	0
r10            0x0	0
r11            0x246	582
r12            0x0	0
r13            0x1090	4240
r14            0x55c72c8a8700	94313934128896
r15            0x15	21
rip            0x7f44361df23a	0x7f44361df23a <__waitpid+74>
eflags         0x246	[ PF ZF IF ]
cs             0x33	51
ss             0x2b	43
ds             0x0	0
es             0x0	0
fs             0x0	0
gs             0x0	0

* Backtrace

Thread 6 (Thread 0x7f44229db700 (LWP 3980)):
#0  0x00007f44361da9f3 in futex_wait_cancelable (private=<optimized out>, expected=0, futex_word=0x7f44140087bc) at ../sysdeps/unix/sysv/linux/futex-internal.h:88
        __ret = -512
        oldtype = 0
        err = <optimized out>
        spin = 0
        buffer = {__routine = 0x7f44361da690 <__condvar_cleanup_waiting>, __arg = 0x7f44229dac60, __canceltype = 773548816, __prev = 0x0}
        cbuffer = {wseq = 55, cond = 0x7f4414008790, mutex = 0x7f4414009df0, private = 0}
        err = <optimized out>
        g = 1
        flags = <optimized out>
        signals = <optimized out>
        result = 0
        seq = 27
#1  0x00007f44361da9f3 in __pthread_cond_wait_common (abstime=0x0, mutex=0x7f4414009df0, cond=0x7f4414008790) at pthread_cond_wait.c:502
        spin = 0
        buffer = {__routine = 0x7f44361da690 <__condvar_cleanup_waiting>, __arg = 0x7f44229dac60, __canceltype = 773548816, __prev = 0x0}
        cbuffer = {wseq = 55, cond = 0x7f4414008790, mutex = 0x7f4414009df0, private = 0}
        err = <optimized out>
        g = 1
        flags = <optimized out>
        signals = <optimized out>
        result = 0
        seq = 27
#2  0x00007f44361da9f3 in __pthread_cond_wait (cond=0x7f4414008790, mutex=0x7f4414009df0) at pthread_cond_wait.c:655
#3  0x00007f4434ce0a68 in pa_threaded_mainloop_wait () at /usr/lib/x86_64-linux-gnu/libpulse.so.0
#4  0x00007f44283149a7 in  () at /usr/lib/x86_64-linux-gnu/libopenal.so.1
#5  0x00007f44282cd677 in  () at /usr/lib/x86_64-linux-gnu/libopenal.so.1
#6  0x00007f44361d46db in start_thread (arg=0x7f44229db700) at pthread_create.c:463
        pd = 0x7f44229db700
        now = <optimized out>
        unwind_buf = {cancel_jmp_buf = {{jmp_buf = {139930615265024, 1513543048358334028, 139930615262784, 0, 94313962721584, 140722875821296, -1474530470377484724, -1474573354916835764}, mask_was_saved = 0}}, priv = {pad = {0x0, 0x0, 0x0, 0x0}, data = {prev = 0x0, cleanup = 0x0, canceltype = 0}}}
        not_first_call = <optimized out>
#7  0x00007f443532688f in clone () at ../sysdeps/unix/sysv/linux/x86_64/clone.S:95

Thread 5 (Thread 0x7f44231dc700 (LWP 3979)):
#0  0x00007f4435319bf9 in __GI___poll (fds=0x7f4414009f30, nfds=3, timeout=108) at ../sysdeps/unix/sysv/linux/poll.c:29
        resultvar = 18446744073709551100
        sc_cancel_oldtype = 0
#1  0x00007f4434ce0481 in  () at /usr/lib/x86_64-linux-gnu/libpulse.so.0
#2  0x00007f4434cd1e40 in pa_mainloop_poll () at /usr/lib/x86_64-linux-gnu/libpulse.so.0
#3  0x00007f4434cd24d0 in pa_mainloop_iterate () at /usr/lib/x86_64-linux-gnu/libpulse.so.0
#4  0x00007f4434cd2560 in pa_mainloop_run () at /usr/lib/x86_64-linux-gnu/libpulse.so.0
#5  0x00007f4434ce03c9 in  () at /usr/lib/x86_64-linux-gnu/libpulse.so.0
#6  0x00007f4432e9e318 in  () at /usr/lib/x86_64-linux-gnu/pulseaudio/libpulsecommon-11.1.so
#7  0x00007f44361d46db in start_thread (arg=0x7f44231dc700) at pthread_create.c:463
        pd = 0x7f44231dc700
        now = <optimized out>
        unwind_buf = {cancel_jmp_buf = {{jmp_buf = {139930623657728, 1513543048358334028, 139930623655488, 0, 94313966829456, 140722875821216, -1474531570425983412, -1474573354916835764}, mask_was_saved = 0}}, priv = {pad = {0x0, 0x0, 0x0, 0x0}, data = {prev = 0x0, cleanup = 0x0, canceltype = 0}}}
        not_first_call = <optimized out>
#8  0x00007f443532688f in clone () at ../sysdeps/unix/sysv/linux/x86_64/clone.S:95

Thread 4 (Thread 0x7f4423fff700 (LWP 3976)):
#0  0x00007f4435319bf9 in __GI___poll (fds=0x55c72dfc0a70, nfds=2, timeout=-1) at ../sysdeps/unix/sysv/linux/poll.c:29
        resultvar = 18446744073709551100
        sc_cancel_oldtype = 0
#1  0x00007f442c5625c9 in  () at /usr/lib/x86_64-linux-gnu/libglib-2.0.so.0
#2  0x00007f442c562962 in g_main_loop_run () at /usr/lib/x86_64-linux-gnu/libglib-2.0.so.0
#3  0x00007f442cb500e6 in  () at /usr/lib/x86_64-linux-gnu/libgio-2.0.so.0
#4  0x00007f442c58a195 in  () at /usr/lib/x86_64-linux-gnu/libglib-2.0.so.0
#5  0x00007f44361d46db in start_thread (arg=0x7f4423fff700) at pthread_create.c:463
        pd = 0x7f4423fff700
        now = <optimized out>
        unwind_buf = {cancel_jmp_buf = {{jmp_buf = {139930638481152, 1513543048358334028, 139930638478912, 0, 94313958153296, 140722875816928, -1474532375195480500, -1474573354916835764}, mask_was_saved = 0}}, priv = {pad = {0x0, 0x0, 0x0, 0x0}, data = {prev = 0x0, cleanup = 0x0, canceltype = 0}}}
        not_first_call = <optimized out>
#6  0x00007f443532688f in clone () at ../sysdeps/unix/sysv/linux/x86_64/clone.S:95

Thread 3 (Thread 0x7f4428e41700 (LWP 3975)):
#0  0x00007f4435319bf9 in __GI___poll (fds=0x55c72dfaed00, nfds=1, timeout=-1) at ../sysdeps/unix/sysv/linux/poll.c:29
        resultvar = 18446744073709551100
        sc_cancel_oldtype = 0
#1  0x00007f442c5625c9 in  () at /usr/lib/x86_64-linux-gnu/libglib-2.0.so.0
#2  0x00007f442c5626dc in g_main_context_iteration () at /usr/lib/x86_64-linux-gnu/libglib-2.0.so.0
#3  0x00007f442c562721 in  () at /usr/lib/x86_64-linux-gnu/libglib-2.0.so.0
#4  0x00007f442c58a195 in  () at /usr/lib/x86_64-linux-gnu/libglib-2.0.so.0
#5  0x00007f44361d46db in start_thread (arg=0x7f4428e41700) at pthread_create.c:463
        pd = 0x7f4428e41700
        now = <optimized out>
        unwind_buf = {cancel_jmp_buf = {{jmp_buf = {139930720540416, 1513543048358334028, 139930720538176, 0, 94313957889904, 140722875816544, -1474508133326320052, -1474573354916835764}, mask_was_saved = 0}}, priv = {pad = {0x0, 0x0, 0x0, 0x0}, data = {prev = 0x0, cleanup = 0x0, canceltype = 0}}}
        not_first_call = <optimized out>
#6  0x00007f443532688f in clone () at ../sysdeps/unix/sysv/linux/x86_64/clone.S:95

Thread 2 (Thread 0x7f442fd97700 (LWP 3974)):
#0  0x00007f44361da9f3 in futex_wait_cancelable (private=<optimized out>, expected=0, futex_word=0x55c72ca047a0 <renderPool+256>) at ../sysdeps/unix/sysv/linux/futex-internal.h:88
        __ret = -512
        oldtype = 0
        err = <optimized out>
        spin = 0
        buffer = {__routine = 0x7f44361da690 <__condvar_cleanup_waiting>, __arg = 0x7f442fd96c60, __canceltype = 0, __prev = 0x0}
        cbuffer = {wseq = 0, cond = 0x55c72ca04778 <renderPool+216>, mutex = 0x55c72ca04750 <renderPool+176>, private = 0}
        err = <optimized out>
        g = 0
        flags = <optimized out>
        signals = <optimized out>
        result = 0
        seq = 0
#1  0x00007f44361da9f3 in __pthread_cond_wait_common (abstime=0x0, mutex=0x55c72ca04750 <renderPool+176>, cond=0x55c72ca04778 <renderPool+216>) at pthread_cond_wait.c:502
        spin = 0
        buffer = {__routine = 0x7f44361da690 <__condvar_cleanup_waiting>, __arg = 0x7f442fd96c60, __canceltype = 0, __prev = 0x0}
        cbuffer = {wseq = 0, cond = 0x55c72ca04778 <renderPool+216>, mutex = 0x55c72ca04750 <renderPool+176>, private = 0}
        err = <optimized out>
        g = 0
        flags = <optimized out>
        signals = <optimized out>
        result = 0
        seq = 0
#2  0x00007f44361da9f3 in __pthread_cond_wait (cond=0x55c72ca04778 <renderPool+216>, mutex=0x55c72ca04750 <renderPool+176>) at pthread_cond_wait.c:655
#3  0x000055c72c3ad77c in std::condition_variable::wait(std::unique_lock<std::mutex>&) ()
#4  0x000055c72bb7af55 in std::thread::_State_impl<std::thread::_Invoker<std::tuple<ctpl::thread_pool::set_thread(int)::{lambda()#1}> > >::_M_run() ()
#5  0x000055c72c3a400f in  ()
#6  0x00007f44361d46db in start_thread (arg=0x7f442fd97700) at pthread_create.c:463
        pd = 0x7f442fd97700
        now = <optimized out>
        unwind_buf = {cancel_jmp_buf = {{jmp_buf = {139930837284608, 1513543048358334028, 139930837282368, 0, 94313957094768, 140722875826240, -1474523360059126196, -1474573354916835764}, mask_was_saved = 0}}, priv = {pad = {0x0, 0x0, 0x0, 0x0}, data = {prev = 0x0, cleanup = 0x0, canceltype = 0}}}
        not_first_call = <optimized out>
#7  0x00007f443532688f in clone () at ../sysdeps/unix/sysv/linux/x86_64/clone.S:95

Thread 1 (Thread 0x7f443690a8c0 (LWP 3973)):
#0  0x00007f44361df23a in __waitpid (pid=3981, stat_loc=0x55c72c8ab134, options=0) at ../sysdeps/unix/sysv/linux/waitpid.c:30
        resultvar = 18446744073709551104
        sc_cancel_oldtype = 0
#1  0x000055c72b85cc4c in  ()
#2  0x00007f44361df890 in <signal handler called> () at /lib/x86_64-linux-gnu/libpthread.so.0
#3  0x000055c72bd7185f in FState::StaticGetStateName(FState const*) ()
#4  0x000055c72bfcfd6a in  ()
#5  0x000055c72bfd17ec in LoadActors() ()
#6  0x000055c72be02684 in PClassActor::StaticInit() ()
#7  0x000055c72bc8c95c in D_DoomMain() ()
#8  0x000055c72b841904 in main ()
